[2025-04-27 20:12:24,837] INFO [Broker id=1] Transitioning 2 partition(s) to local leaders. (state.change.logger)
[2025-04-27 20:12:24,857] INFO [Broker id=1] Creating new partition rainfall-0 with topic id 4iORH4zsTnKwvQgqmmTo1A. (state.change.logger)
[2025-04-27 20:12:24,923] INFO [Broker id=1] Leader rainfall-0 with topic id Some(4iORH4zsTnKwvQgqmmTo1A) starts at leader epoch 0 from offset 0 with partition epoch 0, high watermark 0, ISR [1], adding replicas [] and removing replicas [] . Previous leader None and previous leader epoch was -1. (state.change.logger)
[2025-04-27 20:12:24,930] INFO [Broker id=1] Creating new partition adhoc-0 with topic id itOR5APjTWaXrxxABrgq5g. (state.change.logger)
[2025-04-27 20:12:24,938] INFO [Broker id=1] Leader adhoc-0 with topic id Some(itOR5APjTWaXrxxABrgq5g) starts at leader epoch 0 from offset 0 with partition epoch 0, high watermark 0, ISR [1], adding replicas [] and removing replicas [] . Previous leader None and previous leader epoch was -1. (state.change.logger)
[2025-04-27 20:12:25,172] INFO [Broker id=1] Transitioning 50 partition(s) to local leaders. (state.change.logger)
[2025-04-27 20:12:25,175] INFO [Broker id=1] Creating new partition __consumer_offsets-13 with topic id 7tOpQ-eeRNKMtgxH_X8CNg. (state.change.logger)
[2025-04-27 20:12:25,189] INFO [Broker id=1] Leader __consumer_offsets-13 with topic id Some(7tOpQ-eeRNKMtgxH_X8CNg) starts at leader epoch 0 from offset 0 with partition epoch 0, high watermark 0, ISR [1], adding replicas [] and removing replicas [] . Previous leader None and previous leader epoch was -1. (state.change.logger)
[2025-04-27 20:12:25,207] INFO [Broker id=1] Creating new partition __consumer_offsets-46 with topic id 7tOpQ-eeRNKMtgxH_X8CNg. (state.change.logger)
[2025-04-27 20:12:25,236] INFO [Broker id=1] Leader __consumer_offsets-46 with topic id Some(7tOpQ-eeRNKMtgxH_X8CNg) starts at leader epoch 0 from offset 0 with partition epoch 0, high watermark 0, ISR [1], adding replicas [] and removing replicas [] . Previous leader None and previous leader epoch was -1. (state.change.logger)
[2025-04-27 20:12:25,244] INFO [Broker id=1] Creating new partition __consumer_offsets-9 with topic id 7tOpQ-eeRNKMtgxH_X8CNg. (state.change.logger)
[2025-04-27 20:12:25,277] INFO [Broker id=1] Leader __consumer_offsets-9 with topic id Some(7tOpQ-eeRNKMtgxH_X8CNg) starts at leader epoch 0 from offset 0 with partition epoch 0, high watermark 0, ISR [1], adding replicas [] and removing replicas [] . Previous leader None and previous leader epoch was -1. (state.change.logger)
[2025-04-27 20:12:25,283] INFO [Broker id=1] Creating new partition __consumer_offsets-42 with topic id 7tOpQ-eeRNKMtgxH_X8CNg. (state.change.logger)
[2025-04-27 20:12:25,302] INFO [Broker id=1] Leader __consumer_offsets-42 with topic id Some(7tOpQ-eeRNKMtgxH_X8CNg) starts at leader epoch 0 from offset 0 with partition epoch 0, high watermark 0, ISR [1], adding replicas [] and removing replicas [] . Previous leader None and previous leader epoch was -1. (state.change.logger)
[2025-04-27 20:12:25,312] INFO [Broker id=1] Creating new partition __consumer_offsets-21 with topic id 7tOpQ-eeRNKMtgxH_X8CNg. (state.change.logger)
[2025-04-27 20:12:25,342] INFO [Broker id=1] Leader __consumer_offsets-21 with topic id Some(7tOpQ-eeRNKMtgxH_X8CNg) starts at leader epoch 0 from offset 0 with partition epoch 0, high watermark 0, ISR [1], adding replicas [] and removing replicas [] . Previous leader None and previous leader epoch was -1. (state.change.logger)
[2025-04-27 20:12:25,359] INFO [Broker id=1] Creating new partition __consumer_offsets-17 with topic id 7tOpQ-eeRNKMtgxH_X8CNg. (state.change.logger)
[2025-04-27 20:12:25,367] INFO [Broker id=1] Leader __consumer_offsets-17 with topic id Some(7tOpQ-eeRNKMtgxH_X8CNg) starts at leader epoch 0 from offset 0 with partition epoch 0, high watermark 0, ISR [1], adding replicas [] and removing replicas [] . Previous leader None and previous leader epoch was -1. (state.change.logger)
[2025-04-27 20:12:25,370] INFO [Broker id=1] Creating new partition __consumer_offsets-30 with topic id 7tOpQ-eeRNKMtgxH_X8CNg. (state.change.logger)
[2025-04-27 20:12:25,383] INFO [Broker id=1] Leader __consumer_offsets-30 with topic id Some(7tOpQ-eeRNKMtgxH_X8CNg) starts at leader epoch 0 from offset 0 with partition epoch 0, high watermark 0, ISR [1], adding replicas [] and removing replicas [] . Previous leader None and previous leader epoch was -1. (state.change.logger)
[2025-04-27 20:12:25,389] INFO [Broker id=1] Creating new partition __consumer_offsets-26 with topic id 7tOpQ-eeRNKMtgxH_X8CNg. (state.change.logger)
[2025-04-27 20:12:25,399] INFO [Broker id=1] Leader __consumer_offsets-26 with topic id Some(7tOpQ-eeRNKMtgxH_X8CNg) starts at leader epoch 0 from offset 0 with partition epoch 0, high watermark 0, ISR [1], adding replicas [] and removing replicas [] . Previous leader None and previous leader epoch was -1. (state.change.logger)
[2025-04-27 20:12:25,404] INFO [Broker id=1] Creating new partition __consumer_offsets-5 with topic id 7tOpQ-eeRNKMtgxH_X8CNg. (state.change.logger)
[2025-04-27 20:12:25,418] INFO [Broker id=1] Leader __consumer_offsets-5 with topic id Some(7tOpQ-eeRNKMtgxH_X8CNg) starts at leader epoch 0 from offset 0 with partition epoch 0, high watermark 0, ISR [1], adding replicas [] and removing replicas [] . Previous leader None and previous leader epoch was -1. (state.change.logger)
[2025-04-27 20:12:25,493] INFO [Broker id=1] Creating new partition __consumer_offsets-38 with topic id 7tOpQ-eeRNKMtgxH_X8CNg. (state.change.logger)
[2025-04-27 20:12:25,501] INFO [Broker id=1] Leader __consumer_offsets-38 with topic id Some(7tOpQ-eeRNKMtgxH_X8CNg) starts at leader epoch 0 from offset 0 with partition epoch 0, high watermark 0, ISR [1], adding replicas [] and removing replicas [] . Previous leader None and previous leader epoch was -1. (state.change.logger)
[2025-04-27 20:12:25,508] INFO [Broker id=1] Creating new partition __consumer_offsets-1 with topic id 7tOpQ-eeRNKMtgxH_X8CNg. (state.change.logger)
[2025-04-27 20:12:25,527] INFO [Broker id=1] Leader __consumer_offsets-1 with topic id Some(7tOpQ-eeRNKMtgxH_X8CNg) starts at leader epoch 0 from offset 0 with partition epoch 0, high watermark 0, ISR [1], adding replicas [] and removing replicas [] . Previous leader None and previous leader epoch was -1. (state.change.logger)
[2025-04-27 20:12:25,533] INFO [Broker id=1] Creating new partition __consumer_offsets-34 with topic id 7tOpQ-eeRNKMtgxH_X8CNg. (state.change.logger)
[2025-04-27 20:12:25,541] INFO [Broker id=1] Leader __consumer_offsets-34 with topic id Some(7tOpQ-eeRNKMtgxH_X8CNg) starts at leader epoch 0 from offset 0 with partition epoch 0, high watermark 0, ISR [1], adding replicas [] and removing replicas [] . Previous leader None and previous leader epoch was -1. (state.change.logger)
[2025-04-27 20:12:25,546] INFO [Broker id=1] Creating new partition __consumer_offsets-16 with topic id 7tOpQ-eeRNKMtgxH_X8CNg. (state.change.logger)
[2025-04-27 20:12:25,558] INFO [Broker id=1] Leader __consumer_offsets-16 with topic id Some(7tOpQ-eeRNKMtgxH_X8CNg) starts at leader epoch 0 from offset 0 with partition epoch 0, high watermark 0, ISR [1], adding replicas [] and removing replicas [] . Previous leader None and previous leader epoch was -1. (state.change.logger)
[2025-04-27 20:12:25,570] INFO [Broker id=1] Creating new partition __consumer_offsets-45 with topic id 7tOpQ-eeRNKMtgxH_X8CNg. (state.change.logger)
[2025-04-27 20:12:25,587] INFO [Broker id=1] Leader __consumer_offsets-45 with topic id Some(7tOpQ-eeRNKMtgxH_X8CNg) starts at leader epoch 0 from offset 0 with partition epoch 0, high watermark 0, ISR [1], adding replicas [] and removing replicas [] . Previous leader None and previous leader epoch was -1. (state.change.logger)
[2025-04-27 20:12:25,595] INFO [Broker id=1] Creating new partition __consumer_offsets-12 with topic id 7tOpQ-eeRNKMtgxH_X8CNg. (state.change.logger)
[2025-04-27 20:12:25,604] INFO [Broker id=1] Leader __consumer_offsets-12 with topic id Some(7tOpQ-eeRNKMtgxH_X8CNg) starts at leader epoch 0 from offset 0 with partition epoch 0, high watermark 0, ISR [1], adding replicas [] and removing replicas [] . Previous leader None and previous leader epoch was -1. (state.change.logger)
[2025-04-27 20:12:25,611] INFO [Broker id=1] Creating new partition __consumer_offsets-41 with topic id 7tOpQ-eeRNKMtgxH_X8CNg. (state.change.logger)
[2025-04-27 20:12:25,619] INFO [Broker id=1] Leader __consumer_offsets-41 with topic id Some(7tOpQ-eeRNKMtgxH_X8CNg) starts at leader epoch 0 from offset 0 with partition epoch 0, high watermark 0, ISR [1], adding replicas [] and removing replicas [] . Previous leader None and previous leader epoch was -1. (state.change.logger)
[2025-04-27 20:12:25,622] INFO [Broker id=1] Creating new partition __consumer_offsets-24 with topic id 7tOpQ-eeRNKMtgxH_X8CNg. (state.change.logger)
[2025-04-27 20:12:25,630] INFO [Broker id=1] Leader __consumer_offsets-24 with topic id Some(7tOpQ-eeRNKMtgxH_X8CNg) starts at leader epoch 0 from offset 0 with partition epoch 0, high watermark 0, ISR [1], adding replicas [] and removing replicas [] . Previous leader None and previous leader epoch was -1. (state.change.logger)
[2025-04-27 20:12:25,637] INFO [Broker id=1] Creating new partition __consumer_offsets-20 with topic id 7tOpQ-eeRNKMtgxH_X8CNg. (state.change.logger)
[2025-04-27 20:12:25,665] INFO [Broker id=1] Leader __consumer_offsets-20 with topic id Some(7tOpQ-eeRNKMtgxH_X8CNg) starts at leader epoch 0 from offset 0 with partition epoch 0, high watermark 0, ISR [1], adding replicas [] and removing replicas [] . Previous leader None and previous leader epoch was -1. (state.change.logger)
[2025-04-27 20:12:25,691] INFO [Broker id=1] Creating new partition __consumer_offsets-49 with topic id 7tOpQ-eeRNKMtgxH_X8CNg. (state.change.logger)
[2025-04-27 20:12:25,726] INFO [Broker id=1] Leader __consumer_offsets-49 with topic id Some(7tOpQ-eeRNKMtgxH_X8CNg) starts at leader epoch 0 from offset 0 with partition epoch 0, high watermark 0, ISR [1], adding replicas [] and removing replicas [] . Previous leader None and previous leader epoch was -1. (state.change.logger)
[2025-04-27 20:12:25,745] INFO [Broker id=1] Creating new partition __consumer_offsets-0 with topic id 7tOpQ-eeRNKMtgxH_X8CNg. (state.change.logger)
[2025-04-27 20:12:25,762] INFO [Broker id=1] Leader __consumer_offsets-0 with topic id Some(7tOpQ-eeRNKMtgxH_X8CNg) starts at leader epoch 0 from offset 0 with partition epoch 0, high watermark 0, ISR [1], adding replicas [] and removing replicas [] . Previous leader None and previous leader epoch was -1. (state.change.logger)
[2025-04-27 20:12:25,769] INFO [Broker id=1] Creating new partition __consumer_offsets-29 with topic id 7tOpQ-eeRNKMtgxH_X8CNg. (state.change.logger)
[2025-04-27 20:12:25,786] INFO [Broker id=1] Leader __consumer_offsets-29 with topic id Some(7tOpQ-eeRNKMtgxH_X8CNg) starts at leader epoch 0 from offset 0 with partition epoch 0, high watermark 0, ISR [1], adding replicas [] and removing replicas [] . Previous leader None and previous leader epoch was -1. (state.change.logger)
[2025-04-27 20:12:25,790] INFO [Broker id=1] Creating new partition __consumer_offsets-25 with topic id 7tOpQ-eeRNKMtgxH_X8CNg. (state.change.logger)
[2025-04-27 20:12:25,805] INFO [Broker id=1] Leader __consumer_offsets-25 with topic id Some(7tOpQ-eeRNKMtgxH_X8CNg) starts at leader epoch 0 from offset 0 with partition epoch 0, high watermark 0, ISR [1], adding replicas [] and removing replicas [] . Previous leader None and previous leader epoch was -1. (state.change.logger)
[2025-04-27 20:12:25,810] INFO [Broker id=1] Creating new partition __consumer_offsets-8 with topic id 7tOpQ-eeRNKMtgxH_X8CNg. (state.change.logger)
[2025-04-27 20:12:25,817] INFO [Broker id=1] Leader __consumer_offsets-8 with topic id Some(7tOpQ-eeRNKMtgxH_X8CNg) starts at leader epoch 0 from offset 0 with partition epoch 0, high watermark 0, ISR [1], adding replicas [] and removing replicas [] . Previous leader None and previous leader epoch was -1. (state.change.logger)
[2025-04-27 20:12:25,824] INFO [Broker id=1] Creating new partition __consumer_offsets-37 with topic id 7tOpQ-eeRNKMtgxH_X8CNg. (state.change.logger)
[2025-04-27 20:12:25,831] INFO [Broker id=1] Leader __consumer_offsets-37 with topic id Some(7tOpQ-eeRNKMtgxH_X8CNg) starts at leader epoch 0 from offset 0 with partition epoch 0, high watermark 0, ISR [1], adding replicas [] and removing replicas [] . Previous leader None and previous leader epoch was -1. (state.change.logger)
[2025-04-27 20:12:25,835] INFO [Broker id=1] Creating new partition __consumer_offsets-4 with topic id 7tOpQ-eeRNKMtgxH_X8CNg. (state.change.logger)
[2025-04-27 20:12:25,842] INFO [Broker id=1] Leader __consumer_offsets-4 with topic id Some(7tOpQ-eeRNKMtgxH_X8CNg) starts at leader epoch 0 from offset 0 with partition epoch 0, high watermark 0, ISR [1], adding replicas [] and removing replicas [] . Previous leader None and previous leader epoch was -1. (state.change.logger)
[2025-04-27 20:12:25,847] INFO [Broker id=1] Creating new partition __consumer_offsets-33 with topic id 7tOpQ-eeRNKMtgxH_X8CNg. (state.change.logger)
[2025-04-27 20:12:25,853] INFO [Broker id=1] Leader __consumer_offsets-33 with topic id Some(7tOpQ-eeRNKMtgxH_X8CNg) starts at leader epoch 0 from offset 0 with partition epoch 0, high watermark 0, ISR [1], adding replicas [] and removing replicas [] . Previous leader None and previous leader epoch was -1. (state.change.logger)
[2025-04-27 20:12:25,857] INFO [Broker id=1] Creating new partition __consumer_offsets-15 with topic id 7tOpQ-eeRNKMtgxH_X8CNg. (state.change.logger)
[2025-04-27 20:12:25,863] INFO [Broker id=1] Leader __consumer_offsets-15 with topic id Some(7tOpQ-eeRNKMtgxH_X8CNg) starts at leader epoch 0 from offset 0 with partition epoch 0, high watermark 0, ISR [1], adding replicas [] and removing replicas [] . Previous leader None and previous leader epoch was -1. (state.change.logger)
[2025-04-27 20:12:25,869] INFO [Broker id=1] Creating new partition __consumer_offsets-48 with topic id 7tOpQ-eeRNKMtgxH_X8CNg. (state.change.logger)
[2025-04-27 20:12:25,876] INFO [Broker id=1] Leader __consumer_offsets-48 with topic id Some(7tOpQ-eeRNKMtgxH_X8CNg) starts at leader epoch 0 from offset 0 with partition epoch 0, high watermark 0, ISR [1], adding replicas [] and removing replicas [] . Previous leader None and previous leader epoch was -1. (state.change.logger)
[2025-04-27 20:12:25,890] INFO [Broker id=1] Creating new partition __consumer_offsets-11 with topic id 7tOpQ-eeRNKMtgxH_X8CNg. (state.change.logger)
[2025-04-27 20:12:25,900] INFO [Broker id=1] Leader __consumer_offsets-11 with topic id Some(7tOpQ-eeRNKMtgxH_X8CNg) starts at leader epoch 0 from offset 0 with partition epoch 0, high watermark 0, ISR [1], adding replicas [] and removing replicas [] . Previous leader None and previous leader epoch was -1. (state.change.logger)
[2025-04-27 20:12:25,913] INFO [Broker id=1] Creating new partition __consumer_offsets-44 with topic id 7tOpQ-eeRNKMtgxH_X8CNg. (state.change.logger)
[2025-04-27 20:12:25,937] INFO [Broker id=1] Leader __consumer_offsets-44 with topic id Some(7tOpQ-eeRNKMtgxH_X8CNg) starts at leader epoch 0 from offset 0 with partition epoch 0, high watermark 0, ISR [1], adding replicas [] and removing replicas [] . Previous leader None and previous leader epoch was -1. (state.change.logger)
[2025-04-27 20:12:25,941] INFO [Broker id=1] Creating new partition __consumer_offsets-23 with topic id 7tOpQ-eeRNKMtgxH_X8CNg. (state.change.logger)
[2025-04-27 20:12:25,948] INFO [Broker id=1] Leader __consumer_offsets-23 with topic id Some(7tOpQ-eeRNKMtgxH_X8CNg) starts at leader epoch 0 from offset 0 with partition epoch 0, high watermark 0, ISR [1], adding replicas [] and removing replicas [] . Previous leader None and previous leader epoch was -1. (state.change.logger)
[2025-04-27 20:12:25,954] INFO [Broker id=1] Creating new partition __consumer_offsets-19 with topic id 7tOpQ-eeRNKMtgxH_X8CNg. (state.change.logger)
[2025-04-27 20:12:25,961] INFO [Broker id=1] Leader __consumer_offsets-19 with topic id Some(7tOpQ-eeRNKMtgxH_X8CNg) starts at leader epoch 0 from offset 0 with partition epoch 0, high watermark 0, ISR [1], adding replicas [] and removing replicas [] . Previous leader None and previous leader epoch was -1. (state.change.logger)
[2025-04-27 20:12:25,966] INFO [Broker id=1] Creating new partition __consumer_offsets-32 with topic id 7tOpQ-eeRNKMtgxH_X8CNg. (state.change.logger)
[2025-04-27 20:12:25,972] INFO [Broker id=1] Leader __consumer_offsets-32 with topic id Some(7tOpQ-eeRNKMtgxH_X8CNg) starts at leader epoch 0 from offset 0 with partition epoch 0, high watermark 0, ISR [1], adding replicas [] and removing replicas [] . Previous leader None and previous leader epoch was -1. (state.change.logger)
[2025-04-27 20:12:25,978] INFO [Broker id=1] Creating new partition __consumer_offsets-28 with topic id 7tOpQ-eeRNKMtgxH_X8CNg. (state.change.logger)
[2025-04-27 20:12:25,986] INFO [Broker id=1] Leader __consumer_offsets-28 with topic id Some(7tOpQ-eeRNKMtgxH_X8CNg) starts at leader epoch 0 from offset 0 with partition epoch 0, high watermark 0, ISR [1], adding replicas [] and removing replicas [] . Previous leader None and previous leader epoch was -1. (state.change.logger)
[2025-04-27 20:12:25,991] INFO [Broker id=1] Creating new partition __consumer_offsets-7 with topic id 7tOpQ-eeRNKMtgxH_X8CNg. (state.change.logger)
[2025-04-27 20:12:25,998] INFO [Broker id=1] Leader __consumer_offsets-7 with topic id Some(7tOpQ-eeRNKMtgxH_X8CNg) starts at leader epoch 0 from offset 0 with partition epoch 0, high watermark 0, ISR [1], adding replicas [] and removing replicas [] . Previous leader None and previous leader epoch was -1. (state.change.logger)
[2025-04-27 20:12:26,003] INFO [Broker id=1] Creating new partition __consumer_offsets-40 with topic id 7tOpQ-eeRNKMtgxH_X8CNg. (state.change.logger)
[2025-04-27 20:12:26,014] INFO [Broker id=1] Leader __consumer_offsets-40 with topic id Some(7tOpQ-eeRNKMtgxH_X8CNg) starts at leader epoch 0 from offset 0 with partition epoch 0, high watermark 0, ISR [1], adding replicas [] and removing replicas [] . Previous leader None and previous leader epoch was -1. (state.change.logger)
[2025-04-27 20:12:26,019] INFO [Broker id=1] Creating new partition __consumer_offsets-3 with topic id 7tOpQ-eeRNKMtgxH_X8CNg. (state.change.logger)
[2025-04-27 20:12:26,024] INFO [Broker id=1] Leader __consumer_offsets-3 with topic id Some(7tOpQ-eeRNKMtgxH_X8CNg) starts at leader epoch 0 from offset 0 with partition epoch 0, high watermark 0, ISR [1], adding replicas [] and removing replicas [] . Previous leader None and previous leader epoch was -1. (state.change.logger)
[2025-04-27 20:12:26,029] INFO [Broker id=1] Creating new partition __consumer_offsets-36 with topic id 7tOpQ-eeRNKMtgxH_X8CNg. (state.change.logger)
[2025-04-27 20:12:26,036] INFO [Broker id=1] Leader __consumer_offsets-36 with topic id Some(7tOpQ-eeRNKMtgxH_X8CNg) starts at leader epoch 0 from offset 0 with partition epoch 0, high watermark 0, ISR [1], adding replicas [] and removing replicas [] . Previous leader None and previous leader epoch was -1. (state.change.logger)
[2025-04-27 20:12:26,041] INFO [Broker id=1] Creating new partition __consumer_offsets-47 with topic id 7tOpQ-eeRNKMtgxH_X8CNg. (state.change.logger)
[2025-04-27 20:12:26,046] INFO [Broker id=1] Leader __consumer_offsets-47 with topic id Some(7tOpQ-eeRNKMtgxH_X8CNg) starts at leader epoch 0 from offset 0 with partition epoch 0, high watermark 0, ISR [1], adding replicas [] and removing replicas [] . Previous leader None and previous leader epoch was -1. (state.change.logger)
[2025-04-27 20:12:26,052] INFO [Broker id=1] Creating new partition __consumer_offsets-14 with topic id 7tOpQ-eeRNKMtgxH_X8CNg. (state.change.logger)
[2025-04-27 20:12:26,058] INFO [Broker id=1] Leader __consumer_offsets-14 with topic id Some(7tOpQ-eeRNKMtgxH_X8CNg) starts at leader epoch 0 from offset 0 with partition epoch 0, high watermark 0, ISR [1], adding replicas [] and removing replicas [] . Previous leader None and previous leader epoch was -1. (state.change.logger)
[2025-04-27 20:12:26,063] INFO [Broker id=1] Creating new partition __consumer_offsets-43 with topic id 7tOpQ-eeRNKMtgxH_X8CNg. (state.change.logger)
[2025-04-27 20:12:26,070] INFO [Broker id=1] Leader __consumer_offsets-43 with topic id Some(7tOpQ-eeRNKMtgxH_X8CNg) starts at leader epoch 0 from offset 0 with partition epoch 0, high watermark 0, ISR [1], adding replicas [] and removing replicas [] . Previous leader None and previous leader epoch was -1. (state.change.logger)
[2025-04-27 20:12:26,074] INFO [Broker id=1] Creating new partition __consumer_offsets-10 with topic id 7tOpQ-eeRNKMtgxH_X8CNg. (state.change.logger)
[2025-04-27 20:12:26,079] INFO [Broker id=1] Leader __consumer_offsets-10 with topic id Some(7tOpQ-eeRNKMtgxH_X8CNg) starts at leader epoch 0 from offset 0 with partition epoch 0, high watermark 0, ISR [1], adding replicas [] and removing replicas [] . Previous leader None and previous leader epoch was -1. (state.change.logger)
[2025-04-27 20:12:26,083] INFO [Broker id=1] Creating new partition __consumer_offsets-22 with topic id 7tOpQ-eeRNKMtgxH_X8CNg. (state.change.logger)
[2025-04-27 20:12:26,095] INFO [Broker id=1] Leader __consumer_offsets-22 with topic id Some(7tOpQ-eeRNKMtgxH_X8CNg) starts at leader epoch 0 from offset 0 with partition epoch 0, high watermark 0, ISR [1], adding replicas [] and removing replicas [] . Previous leader None and previous leader epoch was -1. (state.change.logger)
[2025-04-27 20:12:26,099] INFO [Broker id=1] Creating new partition __consumer_offsets-18 with topic id 7tOpQ-eeRNKMtgxH_X8CNg. (state.change.logger)
[2025-04-27 20:12:26,108] INFO [Broker id=1] Leader __consumer_offsets-18 with topic id Some(7tOpQ-eeRNKMtgxH_X8CNg) starts at leader epoch 0 from offset 0 with partition epoch 0, high watermark 0, ISR [1], adding replicas [] and removing replicas [] . Previous leader None and previous leader epoch was -1. (state.change.logger)
[2025-04-27 20:12:26,113] INFO [Broker id=1] Creating new partition __consumer_offsets-31 with topic id 7tOpQ-eeRNKMtgxH_X8CNg. (state.change.logger)
[2025-04-27 20:12:26,131] INFO [Broker id=1] Leader __consumer_offsets-31 with topic id Some(7tOpQ-eeRNKMtgxH_X8CNg) starts at leader epoch 0 from offset 0 with partition epoch 0, high watermark 0, ISR [1], adding replicas [] and removing replicas [] . Previous leader None and previous leader epoch was -1. (state.change.logger)
[2025-04-27 20:12:26,135] INFO [Broker id=1] Creating new partition __consumer_offsets-27 with topic id 7tOpQ-eeRNKMtgxH_X8CNg. (state.change.logger)
[2025-04-27 20:12:26,142] INFO [Broker id=1] Leader __consumer_offsets-27 with topic id Some(7tOpQ-eeRNKMtgxH_X8CNg) starts at leader epoch 0 from offset 0 with partition epoch 0, high watermark 0, ISR [1], adding replicas [] and removing replicas [] . Previous leader None and previous leader epoch was -1. (state.change.logger)
[2025-04-27 20:12:26,148] INFO [Broker id=1] Creating new partition __consumer_offsets-39 with topic id 7tOpQ-eeRNKMtgxH_X8CNg. (state.change.logger)
[2025-04-27 20:12:26,155] INFO [Broker id=1] Leader __consumer_offsets-39 with topic id Some(7tOpQ-eeRNKMtgxH_X8CNg) starts at leader epoch 0 from offset 0 with partition epoch 0, high watermark 0, ISR [1], adding replicas [] and removing replicas [] . Previous leader None and previous leader epoch was -1. (state.change.logger)
[2025-04-27 20:12:26,161] INFO [Broker id=1] Creating new partition __consumer_offsets-6 with topic id 7tOpQ-eeRNKMtgxH_X8CNg. (state.change.logger)
[2025-04-27 20:12:26,168] INFO [Broker id=1] Leader __consumer_offsets-6 with topic id Some(7tOpQ-eeRNKMtgxH_X8CNg) starts at leader epoch 0 from offset 0 with partition epoch 0, high watermark 0, ISR [1], adding replicas [] and removing replicas [] . Previous leader None and previous leader epoch was -1. (state.change.logger)
[2025-04-27 20:12:26,173] INFO [Broker id=1] Creating new partition __consumer_offsets-35 with topic id 7tOpQ-eeRNKMtgxH_X8CNg. (state.change.logger)
[2025-04-27 20:12:26,185] INFO [Broker id=1] Leader __consumer_offsets-35 with topic id Some(7tOpQ-eeRNKMtgxH_X8CNg) starts at leader epoch 0 from offset 0 with partition epoch 0, high watermark 0, ISR [1], adding replicas [] and removing replicas [] . Previous leader None and previous leader epoch was -1. (state.change.logger)
[2025-04-27 20:12:26,190] INFO [Broker id=1] Creating new partition __consumer_offsets-2 with topic id 7tOpQ-eeRNKMtgxH_X8CNg. (state.change.logger)
[2025-04-27 20:12:26,197] INFO [Broker id=1] Leader __consumer_offsets-2 with topic id Some(7tOpQ-eeRNKMtgxH_X8CNg) starts at leader epoch 0 from offset 0 with partition epoch 0, high watermark 0, ISR [1], adding replicas [] and removing replicas [] . Previous leader None and previous leader epoch was -1. (state.change.logger)
[2025-04-27 20:55:32,212] INFO [Broker id=1] Transitioning 52 partition(s) to local followers. (state.change.logger)
[2025-04-27 20:55:32,221] INFO [Broker id=1] Follower __consumer_offsets-13 starts at leader epoch 1 from offset 0 with partition epoch 1 and high watermark 0. Current leader is -1. Previous leader Some(-1) and previous leader epoch was 1. (state.change.logger)
[2025-04-27 20:55:32,222] INFO [Broker id=1] Follower __consumer_offsets-46 starts at leader epoch 1 from offset 0 with partition epoch 1 and high watermark 0. Current leader is -1. Previous leader Some(-1) and previous leader epoch was 1. (state.change.logger)
[2025-04-27 20:55:32,223] INFO [Broker id=1] Follower __consumer_offsets-9 starts at leader epoch 1 from offset 0 with partition epoch 1 and high watermark 0. Current leader is -1. Previous leader Some(-1) and previous leader epoch was 1. (state.change.logger)
[2025-04-27 20:55:32,223] INFO [Broker id=1] Follower __consumer_offsets-42 starts at leader epoch 1 from offset 0 with partition epoch 1 and high watermark 0. Current leader is -1. Previous leader Some(-1) and previous leader epoch was 1. (state.change.logger)
[2025-04-27 20:55:32,224] INFO [Broker id=1] Follower __consumer_offsets-21 starts at leader epoch 1 from offset 0 with partition epoch 1 and high watermark 0. Current leader is -1. Previous leader Some(-1) and previous leader epoch was 1. (state.change.logger)
[2025-04-27 20:55:32,224] INFO [Broker id=1] Follower __consumer_offsets-17 starts at leader epoch 1 from offset 0 with partition epoch 1 and high watermark 0. Current leader is -1. Previous leader Some(-1) and previous leader epoch was 1. (state.change.logger)
[2025-04-27 20:55:32,225] INFO [Broker id=1] Follower __consumer_offsets-30 starts at leader epoch 1 from offset 0 with partition epoch 1 and high watermark 0. Current leader is -1. Previous leader Some(-1) and previous leader epoch was 1. (state.change.logger)
[2025-04-27 20:55:32,225] INFO [Broker id=1] Follower __consumer_offsets-26 starts at leader epoch 1 from offset 0 with partition epoch 1 and high watermark 0. Current leader is -1. Previous leader Some(-1) and previous leader epoch was 1. (state.change.logger)
[2025-04-27 20:55:32,226] INFO [Broker id=1] Follower __consumer_offsets-5 starts at leader epoch 1 from offset 0 with partition epoch 1 and high watermark 0. Current leader is -1. Previous leader Some(-1) and previous leader epoch was 1. (state.change.logger)
[2025-04-27 20:55:32,226] INFO [Broker id=1] Follower __consumer_offsets-38 starts at leader epoch 1 from offset 0 with partition epoch 1 and high watermark 0. Current leader is -1. Previous leader Some(-1) and previous leader epoch was 1. (state.change.logger)
[2025-04-27 20:55:32,226] INFO [Broker id=1] Follower __consumer_offsets-1 starts at leader epoch 1 from offset 0 with partition epoch 1 and high watermark 0. Current leader is -1. Previous leader Some(-1) and previous leader epoch was 1. (state.change.logger)
[2025-04-27 20:55:32,227] INFO [Broker id=1] Follower __consumer_offsets-34 starts at leader epoch 1 from offset 0 with partition epoch 1 and high watermark 0. Current leader is -1. Previous leader Some(-1) and previous leader epoch was 1. (state.change.logger)
[2025-04-27 20:55:32,227] INFO [Broker id=1] Follower __consumer_offsets-16 starts at leader epoch 1 from offset 0 with partition epoch 1 and high watermark 0. Current leader is -1. Previous leader Some(-1) and previous leader epoch was 1. (state.change.logger)
[2025-04-27 20:55:32,228] INFO [Broker id=1] Follower __consumer_offsets-45 starts at leader epoch 1 from offset 0 with partition epoch 1 and high watermark 0. Current leader is -1. Previous leader Some(-1) and previous leader epoch was 1. (state.change.logger)
[2025-04-27 20:55:32,228] INFO [Broker id=1] Follower __consumer_offsets-12 starts at leader epoch 1 from offset 0 with partition epoch 1 and high watermark 0. Current leader is -1. Previous leader Some(-1) and previous leader epoch was 1. (state.change.logger)
[2025-04-27 20:55:32,229] INFO [Broker id=1] Follower __consumer_offsets-41 starts at leader epoch 1 from offset 0 with partition epoch 1 and high watermark 0. Current leader is -1. Previous leader Some(-1) and previous leader epoch was 1. (state.change.logger)
[2025-04-27 20:55:32,229] INFO [Broker id=1] Follower __consumer_offsets-24 starts at leader epoch 1 from offset 0 with partition epoch 1 and high watermark 0. Current leader is -1. Previous leader Some(-1) and previous leader epoch was 1. (state.change.logger)
[2025-04-27 20:55:32,230] INFO [Broker id=1] Follower __consumer_offsets-20 starts at leader epoch 1 from offset 0 with partition epoch 1 and high watermark 0. Current leader is -1. Previous leader Some(-1) and previous leader epoch was 1. (state.change.logger)
[2025-04-27 20:55:32,230] INFO [Broker id=1] Follower __consumer_offsets-49 starts at leader epoch 1 from offset 0 with partition epoch 1 and high watermark 0. Current leader is -1. Previous leader Some(-1) and previous leader epoch was 1. (state.change.logger)
[2025-04-27 20:55:32,231] INFO [Broker id=1] Follower __consumer_offsets-0 starts at leader epoch 1 from offset 0 with partition epoch 1 and high watermark 0. Current leader is -1. Previous leader Some(-1) and previous leader epoch was 1. (state.change.logger)
[2025-04-27 20:55:32,231] INFO [Broker id=1] Follower __consumer_offsets-29 starts at leader epoch 1 from offset 0 with partition epoch 1 and high watermark 0. Current leader is -1. Previous leader Some(-1) and previous leader epoch was 1. (state.change.logger)
[2025-04-27 20:55:32,231] INFO [Broker id=1] Follower __consumer_offsets-25 starts at leader epoch 1 from offset 0 with partition epoch 1 and high watermark 0. Current leader is -1. Previous leader Some(-1) and previous leader epoch was 1. (state.change.logger)
[2025-04-27 20:55:32,232] INFO [Broker id=1] Follower __consumer_offsets-8 starts at leader epoch 1 from offset 0 with partition epoch 1 and high watermark 0. Current leader is -1. Previous leader Some(-1) and previous leader epoch was 1. (state.change.logger)
[2025-04-27 20:55:32,232] INFO [Broker id=1] Follower __consumer_offsets-37 starts at leader epoch 1 from offset 0 with partition epoch 1 and high watermark 0. Current leader is -1. Previous leader Some(-1) and previous leader epoch was 1. (state.change.logger)
[2025-04-27 20:55:32,233] INFO [Broker id=1] Follower __consumer_offsets-4 starts at leader epoch 1 from offset 0 with partition epoch 1 and high watermark 0. Current leader is -1. Previous leader Some(-1) and previous leader epoch was 1. (state.change.logger)
[2025-04-27 20:55:32,233] INFO [Broker id=1] Follower rainfall-0 starts at leader epoch 1 from offset 464 with partition epoch 1 and high watermark 464. Current leader is -1. Previous leader Some(-1) and previous leader epoch was 1. (state.change.logger)
[2025-04-27 20:55:32,234] INFO [Broker id=1] Follower __consumer_offsets-33 starts at leader epoch 1 from offset 0 with partition epoch 1 and high watermark 0. Current leader is -1. Previous leader Some(-1) and previous leader epoch was 1. (state.change.logger)
[2025-04-27 20:55:32,234] INFO [Broker id=1] Follower __consumer_offsets-15 starts at leader epoch 1 from offset 0 with partition epoch 1 and high watermark 0. Current leader is -1. Previous leader Some(-1) and previous leader epoch was 1. (state.change.logger)
[2025-04-27 20:55:32,235] INFO [Broker id=1] Follower __consumer_offsets-48 starts at leader epoch 1 from offset 0 with partition epoch 1 and high watermark 0. Current leader is -1. Previous leader Some(-1) and previous leader epoch was 1. (state.change.logger)
[2025-04-27 20:55:32,236] INFO [Broker id=1] Follower __consumer_offsets-11 starts at leader epoch 1 from offset 0 with partition epoch 1 and high watermark 0. Current leader is -1. Previous leader Some(-1) and previous leader epoch was 1. (state.change.logger)
[2025-04-27 20:55:32,236] INFO [Broker id=1] Follower __consumer_offsets-44 starts at leader epoch 1 from offset 0 with partition epoch 1 and high watermark 0. Current leader is -1. Previous leader Some(-1) and previous leader epoch was 1. (state.change.logger)
[2025-04-27 20:55:32,237] INFO [Broker id=1] Follower __consumer_offsets-23 starts at leader epoch 1 from offset 0 with partition epoch 1 and high watermark 0. Current leader is -1. Previous leader Some(-1) and previous leader epoch was 1. (state.change.logger)
[2025-04-27 20:55:32,237] INFO [Broker id=1] Follower __consumer_offsets-19 starts at leader epoch 1 from offset 0 with partition epoch 1 and high watermark 0. Current leader is -1. Previous leader Some(-1) and previous leader epoch was 1. (state.change.logger)
[2025-04-27 20:55:32,238] INFO [Broker id=1] Follower __consumer_offsets-32 starts at leader epoch 1 from offset 0 with partition epoch 1 and high watermark 0. Current leader is -1. Previous leader Some(-1) and previous leader epoch was 1. (state.change.logger)
[2025-04-27 20:55:32,238] INFO [Broker id=1] Follower __consumer_offsets-28 starts at leader epoch 1 from offset 0 with partition epoch 1 and high watermark 0. Current leader is -1. Previous leader Some(-1) and previous leader epoch was 1. (state.change.logger)
[2025-04-27 20:55:32,239] INFO [Broker id=1] Follower __consumer_offsets-7 starts at leader epoch 1 from offset 0 with partition epoch 1 and high watermark 0. Current leader is -1. Previous leader Some(-1) and previous leader epoch was 1. (state.change.logger)
[2025-04-27 20:55:32,240] INFO [Broker id=1] Follower __consumer_offsets-40 starts at leader epoch 1 from offset 0 with partition epoch 1 and high watermark 0. Current leader is -1. Previous leader Some(-1) and previous leader epoch was 1. (state.change.logger)
[2025-04-27 20:55:32,240] INFO [Broker id=1] Follower __consumer_offsets-3 starts at leader epoch 1 from offset 0 with partition epoch 1 and high watermark 0. Current leader is -1. Previous leader Some(-1) and previous leader epoch was 1. (state.change.logger)
[2025-04-27 20:55:32,241] INFO [Broker id=1] Follower __consumer_offsets-36 starts at leader epoch 1 from offset 0 with partition epoch 1 and high watermark 0. Current leader is -1. Previous leader Some(-1) and previous leader epoch was 1. (state.change.logger)
[2025-04-27 20:55:32,241] INFO [Broker id=1] Follower __consumer_offsets-47 starts at leader epoch 1 from offset 0 with partition epoch 1 and high watermark 0. Current leader is -1. Previous leader Some(-1) and previous leader epoch was 1. (state.change.logger)
[2025-04-27 20:55:32,242] INFO [Broker id=1] Follower __consumer_offsets-14 starts at leader epoch 1 from offset 0 with partition epoch 1 and high watermark 0. Current leader is -1. Previous leader Some(-1) and previous leader epoch was 1. (state.change.logger)
[2025-04-27 20:55:32,243] INFO [Broker id=1] Follower __consumer_offsets-43 starts at leader epoch 1 from offset 15 with partition epoch 1 and high watermark 15. Current leader is -1. Previous leader Some(-1) and previous leader epoch was 1. (state.change.logger)
[2025-04-27 20:55:32,243] INFO [Broker id=1] Follower __consumer_offsets-10 starts at leader epoch 1 from offset 0 with partition epoch 1 and high watermark 0. Current leader is -1. Previous leader Some(-1) and previous leader epoch was 1. (state.change.logger)
[2025-04-27 20:55:32,244] INFO [Broker id=1] Follower __consumer_offsets-22 starts at leader epoch 1 from offset 0 with partition epoch 1 and high watermark 0. Current leader is -1. Previous leader Some(-1) and previous leader epoch was 1. (state.change.logger)
[2025-04-27 20:55:32,244] INFO [Broker id=1] Follower __consumer_offsets-18 starts at leader epoch 1 from offset 0 with partition epoch 1 and high watermark 0. Current leader is -1. Previous leader Some(-1) and previous leader epoch was 1. (state.change.logger)
[2025-04-27 20:55:32,244] INFO [Broker id=1] Follower __consumer_offsets-31 starts at leader epoch 1 from offset 46 with partition epoch 1 and high watermark 46. Current leader is -1. Previous leader Some(-1) and previous leader epoch was 1. (state.change.logger)
[2025-04-27 20:55:32,245] INFO [Broker id=1] Follower __consumer_offsets-27 starts at leader epoch 1 from offset 0 with partition epoch 1 and high watermark 0. Current leader is -1. Previous leader Some(-1) and previous leader epoch was 1. (state.change.logger)
[2025-04-27 20:55:32,245] INFO [Broker id=1] Follower __consumer_offsets-39 starts at leader epoch 1 from offset 0 with partition epoch 1 and high watermark 0. Current leader is -1. Previous leader Some(-1) and previous leader epoch was 1. (state.change.logger)
[2025-04-27 20:55:32,246] INFO [Broker id=1] Follower __consumer_offsets-6 starts at leader epoch 1 from offset 0 with partition epoch 1 and high watermark 0. Current leader is -1. Previous leader Some(-1) and previous leader epoch was 1. (state.change.logger)
[2025-04-27 20:55:32,246] INFO [Broker id=1] Follower __consumer_offsets-35 starts at leader epoch 1 from offset 0 with partition epoch 1 and high watermark 0. Current leader is -1. Previous leader Some(-1) and previous leader epoch was 1. (state.change.logger)
[2025-04-27 20:55:32,247] INFO [Broker id=1] Follower adhoc-0 starts at leader epoch 1 from offset 1 with partition epoch 1 and high watermark 1. Current leader is -1. Previous leader Some(-1) and previous leader epoch was 1. (state.change.logger)
[2025-04-27 20:55:32,247] INFO [Broker id=1] Follower __consumer_offsets-2 starts at leader epoch 1 from offset 0 with partition epoch 1 and high watermark 0. Current leader is -1. Previous leader Some(-1) and previous leader epoch was 1. (state.change.logger)
[2025-04-27 20:55:32,253] INFO [Broker id=1] Stopped fetchers as part of controlled shutdown for 52 partitions (state.change.logger)
